<?xml version="1.0" encoding="UTF-8"?>
<!-- Generated by org.testng.reporters.JUnitXMLReporter -->
<testsuite ignored="0" hostname="fedora" failures="0" tests="3" name="Command line test" time="31.041" errors="0" timestamp="2023-03-15T14:17:32 PDT">
  <testcase classname="dev.ericmarcelo.selenium.pom.tests.MyFirstTestCase" name="dummyTest" time="0.78"/>
  <testcase classname="dev.ericmarcelo.selenium.pom.tests.MyFirstTestCase" name="guestCheckoutUsingDirectBankTransfer" time="9.156"/>
  <testcase classname="dev.ericmarcelo.selenium.pom.tests.MyFirstTestCase" name="loginAndCheckoutUsingDirectBankTransfer" time="9.981"/>
</testsuite> <!-- Command line test -->
