<?xml version="1.0" encoding="UTF-8"?>
<!-- Generated by org.testng.reporters.JUnitXMLReporter -->
<testsuite ignored="0" hostname="fedora" failures="0" tests="3" name="Regression1" time="34.113" errors="0" timestamp="2023-03-16T08:57:06 PDT">
  <testcase classname="dev.ericmarcelo.selenium.pom.tests.MyFirstTestCase" name="dummyTest" time="1.257"/>
  <testcase classname="dev.ericmarcelo.selenium.pom.tests.MyFirstTestCase" name="guestCheckoutUsingDirectBankTransfer" time="11.581"/>
  <testcase classname="dev.ericmarcelo.selenium.pom.tests.MyFirstTestCase" name="loginAndCheckoutUsingDirectBankTransfer" time="9.58"/>
</testsuite> <!-- Regression1 -->
