<?xml version="1.0" encoding="UTF-8"?>
<!-- Generated by org.testng.reporters.JUnitXMLReporter -->
<testsuite ignored="0" hostname="fedora" failures="0" tests="3" name="Regression1" time="20.076" errors="0" timestamp="2023-03-16T11:01:55 PDT">
  <testcase classname="dev.ericmarcelo.selenium.pom.tests.MyFirstTestCase" name="dummyTest" time="1.286"/>
  <testcase classname="dev.ericmarcelo.selenium.pom.tests.MyFirstTestCase" name="guestCheckoutUsingDirectBankTransfer" time="12.126"/>
  <testcase classname="dev.ericmarcelo.selenium.pom.tests.MyFirstTestCase" name="loginAndCheckoutUsingDirectBankTransfer" time="9.034"/>
</testsuite> <!-- Regression1 -->
